14-09-2022 05:42:45 IST [main] -5p in.log4j.LoggerClass main - this is debug message
14-09-2022 05:42:45 IST [main] -5p in.log4j.LoggerClass main - this is trace message
14-09-2022 05:42:45 IST [main] -5p in.log4j.LoggerClass main - this is warn message
14-09-2022 05:42:45 IST [main] -5p in.log4j.LoggerClass main - this is error message
14-09-2022 05:42:45 IST [main] -5p in.log4j.LoggerClass main - this is fatal message
14-09-2022 05:52:11 IST [main] -5p in.log4j.LoggerClass main - this is debug message
14-09-2022 05:52:11 IST [main] -5p in.log4j.LoggerClass main - this is trace message
14-09-2022 05:52:11 IST [main] -5p in.log4j.LoggerClass main - this is warn message
14-09-2022 05:52:11 IST [main] -5p in.log4j.LoggerClass main - this is error message
14-09-2022 05:52:11 IST [main] -5p in.log4j.LoggerClass main - this is fatal message
14-09-2022 06:08:27 IST [main] -5p in.log4j.LoggerClass main - this is debug message
14-09-2022 06:08:27 IST [main] -5p in.log4j.LoggerClass main - this is trace message
14-09-2022 06:08:27 IST [main] -5p in.log4j.LoggerClass main - this is warn message
14-09-2022 06:08:27 IST [main] -5p in.log4j.LoggerClass main - this is error message
14-09-2022 06:08:27 IST [main] -5p in.log4j.LoggerClass main - this is fatal message
14-09-2022 06:10:38 IST [main] -5p in.log4j.LoggerClass main - this is debug message
14-09-2022 06:10:38 IST [main] -5p in.log4j.LoggerClass main - this is trace message
14-09-2022 06:10:38 IST [main] -5p in.log4j.LoggerClass main - this is warn message
14-09-2022 06:10:38 IST [main] -5p in.log4j.LoggerClass main - this is error message
14-09-2022 06:10:38 IST [main] -5p in.log4j.LoggerClass main - this is fatal message
